<?xml version="1.0" encoding="UTF-8"?>
<testsuite xmlns:xsi="http://www.w3.org/2001/XMLSchema-instance" xsi:noNamespaceSchemaLocation="https://maven.apache.org/surefire/maven-surefire-plugin/xsd/surefire-test-report.xsd" name="com.infosys.connectors.AppTest" time="0.072" tests="1" errors="0" skipped="0" failures="0">
  <properties>
    <property name="gopherProxySet" value="false"/>
    <property name="awt.toolkit" value="sun.lwawt.macosx.LWCToolkit"/>
    <property name="file.encoding.pkg" value="sun.io"/>
    <property name="java.specification.version" value="1.8"/>
    <property name="sun.cpu.isalist" value=""/>
    <property name="sun.jnu.encoding" value="UTF-8"/>
    <property name="java.class.path" value="/Volumes/SD/git/couchbase/pubsub-couchbase-connect/target/test-classes:/Volumes/SD/git/couchbase/pubsub-couchbase-connect/target/classes:/Users/maulikdoshi/.m2/repository/junit/junit/4.11/junit-4.11.jar:/Users/maulikdoshi/.m2/repository/org/hamcrest/hamcrest-core/1.3/hamcrest-core-1.3.jar:/Users/maulikdoshi/.m2/repository/com/couchbase/client/dcp-client/0.24.0/dcp-client-0.24.0.jar:/Users/maulikdoshi/.m2/repository/com/couchbase/client/core-io/1.7.9/core-io-1.7.9.jar:/Users/maulikdoshi/.m2/repository/io/reactivex/rxjava/1.3.8/rxjava-1.3.8.jar:/Users/maulikdoshi/.m2/repository/io/opentracing/opentracing-api/0.31.0/opentracing-api-0.31.0.jar:/Users/maulikdoshi/.m2/repository/com/couchbase/client/java-client/2.7.9/java-client-2.7.9.jar:/Users/maulikdoshi/.m2/repository/org/slf4j/slf4j-log4j12/1.8.0-alpha2/slf4j-log4j12-1.8.0-alpha2.jar:/Users/maulikdoshi/.m2/repository/org/slf4j/slf4j-api/1.8.0-alpha2/slf4j-api-1.8.0-alpha2.jar:/Users/maulikdoshi/.m2/repository/log4j/log4j/1.2.17/log4j-1.2.17.jar:/Users/maulikdoshi/.m2/repository/com/solacesystems/sol-jcsmp/10.6.3/sol-jcsmp-10.6.3.jar:/Users/maulikdoshi/.m2/repository/commons-logging/commons-logging/1.1.3/commons-logging-1.1.3.jar:/Users/maulikdoshi/.m2/repository/commons-lang/commons-lang/2.6/commons-lang-2.6.jar:/Users/maulikdoshi/.m2/repository/org/osgi/org.osgi.annotation/6.0.0/org.osgi.annotation-6.0.0.jar:/Users/maulikdoshi/.m2/repository/org/apache/servicemix/bundles/org.apache.servicemix.bundles.jzlib/1.0.7_2/org.apache.servicemix.bundles.jzlib-1.0.7_2.jar:"/>
    <property name="java.vm.vendor" value="Oracle Corporation"/>
    <property name="sun.arch.data.model" value="64"/>
    <property name="java.vendor.url" value="http://java.oracle.com/"/>
    <property name="user.timezone" value=""/>
    <property name="user.country.format" value="AU"/>
    <property name="java.vm.specification.version" value="1.8"/>
    <property name="os.name" value="Mac OS X"/>
    <property name="user.country" value="GB"/>
    <property name="sun.java.launcher" value="SUN_STANDARD"/>
    <property name="sun.boot.library.path" value="/Library/Java/JavaVirtualMachines/jdk1.8.0_211.jdk/Contents/Home/jre/lib"/>
    <property name="sun.java.command" value="/Volumes/SD/git/couchbase/pubsub-couchbase-connect/target/surefire/surefirebooter2961290895610591807.jar /Volumes/SD/git/couchbase/pubsub-couchbase-connect/target/surefire 2019-11-14T18-25-32_813-jvmRun1 surefire1118587299351567620tmp surefire_03108490298781376179tmp"/>
    <property name="http.nonProxyHosts" value="local|*.local|169.254/16|*.169.254/16"/>
    <property name="surefire.test.class.path" value="/Volumes/SD/git/couchbase/pubsub-couchbase-connect/target/test-classes:/Volumes/SD/git/couchbase/pubsub-couchbase-connect/target/classes:/Users/maulikdoshi/.m2/repository/junit/junit/4.11/junit-4.11.jar:/Users/maulikdoshi/.m2/repository/org/hamcrest/hamcrest-core/1.3/hamcrest-core-1.3.jar:/Users/maulikdoshi/.m2/repository/com/couchbase/client/dcp-client/0.24.0/dcp-client-0.24.0.jar:/Users/maulikdoshi/.m2/repository/com/couchbase/client/core-io/1.7.9/core-io-1.7.9.jar:/Users/maulikdoshi/.m2/repository/io/reactivex/rxjava/1.3.8/rxjava-1.3.8.jar:/Users/maulikdoshi/.m2/repository/io/opentracing/opentracing-api/0.31.0/opentracing-api-0.31.0.jar:/Users/maulikdoshi/.m2/repository/com/couchbase/client/java-client/2.7.9/java-client-2.7.9.jar:/Users/maulikdoshi/.m2/repository/org/slf4j/slf4j-log4j12/1.8.0-alpha2/slf4j-log4j12-1.8.0-alpha2.jar:/Users/maulikdoshi/.m2/repository/org/slf4j/slf4j-api/1.8.0-alpha2/slf4j-api-1.8.0-alpha2.jar:/Users/maulikdoshi/.m2/repository/log4j/log4j/1.2.17/log4j-1.2.17.jar:/Users/maulikdoshi/.m2/repository/com/solacesystems/sol-jcsmp/10.6.3/sol-jcsmp-10.6.3.jar:/Users/maulikdoshi/.m2/repository/commons-logging/commons-logging/1.1.3/commons-logging-1.1.3.jar:/Users/maulikdoshi/.m2/repository/commons-lang/commons-lang/2.6/commons-lang-2.6.jar:/Users/maulikdoshi/.m2/repository/org/osgi/org.osgi.annotation/6.0.0/org.osgi.annotation-6.0.0.jar:/Users/maulikdoshi/.m2/repository/org/apache/servicemix/bundles/org.apache.servicemix.bundles.jzlib/1.0.7_2/org.apache.servicemix.bundles.jzlib-1.0.7_2.jar:"/>
    <property name="sun.cpu.endian" value="little"/>
    <property name="user.home" value="/Users/maulikdoshi"/>
    <property name="user.language" value="en"/>
    <property name="java.specification.vendor" value="Oracle Corporation"/>
    <property name="java.home" value="/Library/Java/JavaVirtualMachines/jdk1.8.0_211.jdk/Contents/Home/jre"/>
    <property name="basedir" value="/Volumes/SD/git/couchbase/pubsub-couchbase-connect"/>
    <property name="file.separator" value="/"/>
    <property name="line.separator" value="&#10;"/>
    <property name="java.vm.specification.vendor" value="Oracle Corporation"/>
    <property name="java.specification.name" value="Java Platform API Specification"/>
    <property name="java.awt.graphicsenv" value="sun.awt.CGraphicsEnvironment"/>
    <property name="surefire.real.class.path" value="/Volumes/SD/git/couchbase/pubsub-couchbase-connect/target/surefire/surefirebooter2961290895610591807.jar"/>
    <property name="sun.boot.class.path" value="/Library/Java/JavaVirtualMachines/jdk1.8.0_211.jdk/Contents/Home/jre/lib/resources.jar:/Library/Java/JavaVirtualMachines/jdk1.8.0_211.jdk/Contents/Home/jre/lib/rt.jar:/Library/Java/JavaVirtualMachines/jdk1.8.0_211.jdk/Contents/Home/jre/lib/sunrsasign.jar:/Library/Java/JavaVirtualMachines/jdk1.8.0_211.jdk/Contents/Home/jre/lib/jsse.jar:/Library/Java/JavaVirtualMachines/jdk1.8.0_211.jdk/Contents/Home/jre/lib/jce.jar:/Library/Java/JavaVirtualMachines/jdk1.8.0_211.jdk/Contents/Home/jre/lib/charsets.jar:/Library/Java/JavaVirtualMachines/jdk1.8.0_211.jdk/Contents/Home/jre/lib/jfr.jar:/Library/Java/JavaVirtualMachines/jdk1.8.0_211.jdk/Contents/Home/jre/classes"/>
    <property name="sun.management.compiler" value="HotSpot 64-Bit Tiered Compilers"/>
    <property name="ftp.nonProxyHosts" value="local|*.local|169.254/16|*.169.254/16"/>
    <property name="java.runtime.version" value="1.8.0_211-b12"/>
    <property name="user.name" value="maulikdoshi"/>
    <property name="path.separator" value=":"/>
    <property name="os.version" value="10.15.1"/>
    <property name="java.endorsed.dirs" value="/Library/Java/JavaVirtualMachines/jdk1.8.0_211.jdk/Contents/Home/jre/lib/endorsed"/>
    <property name="java.runtime.name" value="Java(TM) SE Runtime Environment"/>
    <property name="file.encoding" value="UTF-8"/>
    <property name="java.vm.name" value="Java HotSpot(TM) 64-Bit Server VM"/>
    <property name="localRepository" value="/Users/maulikdoshi/.m2/repository"/>
    <property name="java.vendor.url.bug" value="http://bugreport.sun.com/bugreport/"/>
    <property name="java.io.tmpdir" value="/var/folders/zm/2j49vfcx0dxf0972zpgdm4mm0000gn/T/"/>
    <property name="java.version" value="1.8.0_211"/>
    <property name="user.dir" value="/Volumes/SD/git/couchbase/pubsub-couchbase-connect"/>
    <property name="os.arch" value="x86_64"/>
    <property name="java.vm.specification.name" value="Java Virtual Machine Specification"/>
    <property name="java.awt.printerjob" value="sun.lwawt.macosx.CPrinterJob"/>
    <property name="sun.os.patch.level" value="unknown"/>
    <property name="java.library.path" value="/Users/maulikdoshi/Library/Java/Extensions:/Library/Java/Extensions:/Network/Library/Java/Extensions:/System/Library/Java/Extensions:/usr/lib/java:."/>
    <property name="java.vm.info" value="mixed mode"/>
    <property name="java.vendor" value="Oracle Corporation"/>
    <property name="java.vm.version" value="25.211-b12"/>
    <property name="java.ext.dirs" value="/Users/maulikdoshi/Library/Java/Extensions:/Library/Java/JavaVirtualMachines/jdk1.8.0_211.jdk/Contents/Home/jre/lib/ext:/Library/Java/Extensions:/Network/Library/Java/Extensions:/System/Library/Java/Extensions:/usr/lib/java"/>
    <property name="sun.io.unicode.encoding" value="UnicodeBig"/>
    <property name="java.class.version" value="52.0"/>
    <property name="socksNonProxyHosts" value="local|*.local|169.254/16|*.169.254/16"/>
  </properties>
  <testcase name="shouldAnswerWithTrue" classname="com.infosys.connectors.AppTest" time="0.002"/>
</testsuite>